<?xml version="1.0" encoding="UTF-8"?>
<!-- Generated by org.testng.reporters.JUnitReportReporter -->
<testsuite skipped="0" hostname="DESKTOP-BVO59HO" name="testScript.Testcase" tests="1" failures="0" timestamp="15 Sep 2020 14:19:37 GMT" time="0.023" errors="0">
  <testcase name="Run" time="0.023" classname="testScript.Testcase"/>
</testsuite> <!-- testScript.Testcase -->
